<?xml version="1.0" encoding="UTF-8"?>
<!-- Generated by org.testng.reporters.JUnitXMLReporter -->
<testsuite ignored="0" hostname="DESKTOP-HPNOI30" failures="0" tests="4" name="Default test" time="15.396" errors="0" timestamp="2025-03-03T23:28:37 IST">
  <testcase classname="bookings.WireMockRestAssuredTestNG" name="testCreateUser" time="5.467"/>
  <testcase classname="bookings.WireMockRestAssuredTestNG" name="testGetUser" time="0.065"/>
  <testcase classname="bookings.WireMockRestAssuredTestNG" name="testInternalServerError" time="0.054"/>
  <testcase classname="bookings.WireMockRestAssuredTestNG" name="testSlowResponse" time="3.043"/>
</testsuite> <!-- Default test -->
