<?xml version="1.0" encoding="UTF-8"?>
<!-- Generated by org.testng.reporters.JUnitXMLReporter -->
<testsuite ignored="0" hostname="DESKTOP-HPNOI30" failures="0" tests="7" name="Test" time="18.833" errors="0" timestamp="2025-03-07T01:13:15 IST">
  <testcase classname="com.mbm.bookingtests.BookingTests" name="getBookingIdsAndVerifyResponse" time="5.617"/>
  <testcase classname="com.mbm.bookingtests.BookingTests" name="createBookingAndVerifyResponse" time="4.133"/>
  <testcase classname="com.mbm.bookingtests.BookingTests" name="getBookingDetailsAndVerifyResponse" time="1.513"/>
  <testcase classname="com.mbm.bookingtests.BookingTests" name="getAccessTokenAndVerifyResponse" time="1.283"/>
  <testcase classname="com.mbm.bookingtests.BookingTests" name="getUpdateBookingAndVerifyResponse" time="1.393"/>
  <testcase classname="com.mbm.bookingtests.BookingTests" name="getPartialUpdateBooking" time="1.264"/>
  <testcase classname="com.mbm.bookingtests.BookingTests" name="getDeleteBooking" time="1.273"/>
</testsuite> <!-- Test -->
