<?xml version="1.0" encoding="UTF-8"?>
<!-- Generated by org.testng.reporters.JUnitXMLReporter -->
<testsuite ignored="0" hostname="DESKTOP-HPNOI30" failures="0" tests="8" name="Test" time="65.099" errors="0" timestamp="2025-08-22T22:59:08 IST">
  <testcase classname="com.mbm.bookingtests.BookingTests" name="getBookingIdsAndVerifyResponse" time="3.263"/>
  <testcase classname="com.mbm.bookingtests.BookingTests" name="createBookingAndVerifyResponse" time="4.434"/>
  <testcase classname="com.mbm.bookingtests.BookingTests" name="createBookingAndVerifyResponse" time="2.073"/>
  <testcase classname="com.mbm.bookingtests.BookingTests" name="createBookingAndVerifyResponse" time="2.083"/>
  <testcase classname="com.mbm.bookingtests.BookingTests" name="getBookingDetailsAndVerifyResponse" time="3.153"/>
  <testcase classname="com.mbm.bookingtests.BookingTests" name="getUpdateBookingAndVerifyResponse" time="1.415"/>
  <testcase classname="com.mbm.bookingtests.BookingTests" name="getPartialUpdateBooking" time="1.4"/>
  <testcase classname="com.mbm.bookingtests.BookingTests" name="getDeleteBooking" time="1.434"/>
</testsuite> <!-- Test -->
