<?xml version="1.0" encoding="UTF-8"?>
<testng-results ignored="0" total="7" passed="7" failed="0" skipped="0">
  <reporter-output>
  </reporter-output>
  <suite started-at="2025-03-07T01:12:56 IST" name="Suite" finished-at="2025-03-07T01:13:15 IST" duration-ms="18833">
    <groups>
    </groups>
    <test started-at="2025-03-07T01:12:56 IST" name="Test" finished-at="2025-03-07T01:13:15 IST" duration-ms="18833">
      <class name="com.mbm.bookingtests.BookingTests">
        <test-method signature="getBookingIdsAndVerifyResponse(java.lang.reflect.Method)[pri:0, instance:com.mbm.bookingtests.BookingTests@6adbc9d]" started-at="2025-03-07T01:12:56 IST" name="getBookingIdsAndVerifyResponse" finished-at="2025-03-07T01:13:02 IST" duration-ms="5617" status="PASS">
          <params>
            <param index="0">
              <value>
                <![CDATA[public void com.mbm.bookingtests.BookingTests.getBookingIdsAndVerifyResponse(java.lang.reflect.Method)]]>
              </value>
            </param>
          </params>
          <reporter-output>
          </reporter-output>
        </test-method> <!-- getBookingIdsAndVerifyResponse -->
        <test-method signature="createBookingAndVerifyResponse(com.mbm.bookingpojos.Booking,java.lang.reflect.Method)[pri:1, instance:com.mbm.bookingtests.BookingTests@6adbc9d]" started-at="2025-03-07T01:13:04 IST" name="createBookingAndVerifyResponse" data-provider="BookingDataByPoiji" finished-at="2025-03-07T01:13:08 IST" duration-ms="4133" status="PASS">
          <params>
            <param index="0">
              <value>
                <![CDATA[Booking(firstname=mbm, lastname=mannepalli, totalprice=3442, depositpaid=true, bookingdates=BookingDates(checkin=2025-02-17, checkout=2025-02-18), additionalneeds=Breakfast)]]>
              </value>
            </param>
            <param index="1">
              <value>
                <![CDATA[public void com.mbm.bookingtests.BookingTests.createBookingAndVerifyResponse(com.mbm.bookingpojos.Booking,java.lang.reflect.Method) throws com.fasterxml.jackson.databind.JsonMappingException,com.fasterxml.jackson.core.JsonProcessingException]]>
              </value>
            </param>
          </params>
          <reporter-output>
          </reporter-output>
        </test-method> <!-- createBookingAndVerifyResponse -->
        <test-method signature="getBookingDetailsAndVerifyResponse(java.lang.reflect.Method)[pri:2, instance:com.mbm.bookingtests.BookingTests@6adbc9d]" started-at="2025-03-07T01:13:08 IST" name="getBookingDetailsAndVerifyResponse" finished-at="2025-03-07T01:13:10 IST" duration-ms="1513" status="PASS">
          <params>
            <param index="0">
              <value>
                <![CDATA[public void com.mbm.bookingtests.BookingTests.getBookingDetailsAndVerifyResponse(java.lang.reflect.Method)]]>
              </value>
            </param>
          </params>
          <reporter-output>
          </reporter-output>
        </test-method> <!-- getBookingDetailsAndVerifyResponse -->
        <test-method signature="getAccessTokenAndVerifyResponse(java.lang.reflect.Method)[pri:3, instance:com.mbm.bookingtests.BookingTests@6adbc9d]" started-at="2025-03-07T01:13:10 IST" name="getAccessTokenAndVerifyResponse" finished-at="2025-03-07T01:13:11 IST" duration-ms="1283" status="PASS">
          <params>
            <param index="0">
              <value>
                <![CDATA[public void com.mbm.bookingtests.BookingTests.getAccessTokenAndVerifyResponse(java.lang.reflect.Method)]]>
              </value>
            </param>
          </params>
          <reporter-output>
          </reporter-output>
        </test-method> <!-- getAccessTokenAndVerifyResponse -->
        <test-method signature="getUpdateBookingAndVerifyResponse(java.lang.reflect.Method)[pri:4, instance:com.mbm.bookingtests.BookingTests@6adbc9d]" started-at="2025-03-07T01:13:11 IST" name="getUpdateBookingAndVerifyResponse" finished-at="2025-03-07T01:13:13 IST" duration-ms="1393" status="PASS">
          <params>
            <param index="0">
              <value>
                <![CDATA[public void com.mbm.bookingtests.BookingTests.getUpdateBookingAndVerifyResponse(java.lang.reflect.Method)]]>
              </value>
            </param>
          </params>
          <reporter-output>
          </reporter-output>
        </test-method> <!-- getUpdateBookingAndVerifyResponse -->
        <test-method signature="getPartialUpdateBooking(java.lang.reflect.Method)[pri:5, instance:com.mbm.bookingtests.BookingTests@6adbc9d]" started-at="2025-03-07T01:13:13 IST" name="getPartialUpdateBooking" finished-at="2025-03-07T01:13:14 IST" duration-ms="1264" status="PASS">
          <params>
            <param index="0">
              <value>
                <![CDATA[public void com.mbm.bookingtests.BookingTests.getPartialUpdateBooking(java.lang.reflect.Method)]]>
              </value>
            </param>
          </params>
          <reporter-output>
          </reporter-output>
        </test-method> <!-- getPartialUpdateBooking -->
        <test-method signature="getDeleteBooking(java.lang.reflect.Method)[pri:6, instance:com.mbm.bookingtests.BookingTests@6adbc9d]" started-at="2025-03-07T01:13:14 IST" name="getDeleteBooking" finished-at="2025-03-07T01:13:15 IST" duration-ms="1273" status="PASS">
          <params>
            <param index="0">
              <value>
                <![CDATA[public void com.mbm.bookingtests.BookingTests.getDeleteBooking(java.lang.reflect.Method)]]>
              </value>
            </param>
          </params>
          <reporter-output>
          </reporter-output>
        </test-method> <!-- getDeleteBooking -->
      </class> <!-- com.mbm.bookingtests.BookingTests -->
    </test> <!-- Test -->
  </suite> <!-- Suite -->
</testng-results>
