<?xml version="1.0" encoding="UTF-8"?>
<testng-results ignored="0" total="2" passed="2" failed="0" skipped="0">
  <reporter-output>
  </reporter-output>
  <suite started-at="2025-02-19T10:00:25 IST" name="Suite" finished-at="2025-02-19T10:00:53 IST" duration-ms="28291">
    <groups>
    </groups>
    <test started-at="2025-02-19T10:00:25 IST" name="Test" finished-at="2025-02-19T10:00:53 IST" duration-ms="28291">
      <class name="bookings.BookingTestScenarios">
        <test-method signature="createBookingAndVerifyResponse(payload.CreateBooking)[pri:0, instance:bookings.BookingTestScenarios@223d2c72]" started-at="2025-02-19T10:00:31 IST" name="createBookingAndVerifyResponse" data-provider="BookingDataScenarioExcel" finished-at="2025-02-19T10:00:46 IST" duration-ms="14246" status="PASS">
          <params>
            <param index="0">
              <value>
                <![CDATA[CreateBooking(super=BasePojo(scenarioId=CreateBooking_EmptyPayload, scenarioDesc=Create booking with empty payload, expectedStatusCode=500, expectedErrorMessage=Internal Server Error), firstname=null, lastname=null, totalprice=null, depositpaid=null, bookingdates=null, additionalneeds=null)]]>
              </value>
            </param>
          </params>
          <reporter-output>
          </reporter-output>
        </test-method> <!-- createBookingAndVerifyResponse -->
        <test-method signature="createBookingAndVerifyResponse(payload.CreateBooking)[pri:0, instance:bookings.BookingTestScenarios@223d2c72]" started-at="2025-02-19T10:00:46 IST" name="createBookingAndVerifyResponse" data-provider="BookingDataScenarioExcel" finished-at="2025-02-19T10:00:53 IST" duration-ms="7821" status="PASS">
          <params>
            <param index="0">
              <value>
                <![CDATA[CreateBooking(super=BasePojo(scenarioId=CreateBooking_HappyPath, scenarioDesc=Create booking with expected request payload, expectedStatusCode=200, expectedErrorMessage=NO_DATA), firstname=John, lastname=Doe, totalprice=1000, depositpaid=false, bookingdates=BookingDates(checkin=2025-02-18, checkout=2025-02-25), additionalneeds=Breakfast)]]>
              </value>
            </param>
          </params>
          <reporter-output>
          </reporter-output>
        </test-method> <!-- createBookingAndVerifyResponse -->
      </class> <!-- bookings.BookingTestScenarios -->
    </test> <!-- Test -->
  </suite> <!-- Suite -->
</testng-results>
